<?xml version="1.0" encoding="UTF-8"?>
<coverage generated="1654781376398" clover="3.2.0">
  <project timestamp="1654781376398" name="All files">
    <metrics statements="5" coveredstatements="4" conditionals="2" coveredconditionals="1" methods="1" coveredmethods="1" elements="8" coveredelements="6" complexity="0" loc="5" ncloc="5" packages="1" files="1" classes="1"/>
    <file name="index.js" path="/home/kiboma/WorkSpace/Microverse/Testing-practice-AAA-TDD-JEST/index.js">
      <metrics statements="5" coveredstatements="4" conditionals="2" coveredconditionals="1" methods="1" coveredmethods="1"/>
      <line num="3" count="1" type="stmt"/>
      <line num="4" count="1" type="cond" truecount="1" falsecount="1"/>
      <line num="5" count="0" type="stmt"/>
      <line num="7" count="1" type="stmt"/>
      <line num="12" count="1" type="stmt"/>
    </file>
  </project>
</coverage>
