<?xml version="1.0" encoding="UTF-8"?>
<coverage generated="1654789813389" clover="3.2.0">
  <project timestamp="1654789813389" name="All files">
    <metrics statements="10" coveredstatements="10" conditionals="0" coveredconditionals="0" methods="6" coveredmethods="6" elements="16" coveredelements="16" complexity="0" loc="10" ncloc="10" packages="1" files="2" classes="2"/>
    <file name="calculator.js" path="/home/kiboma/WorkSpace/Microverse/Testing-practice-AAA-TDD-JEST/calculator.js">
      <metrics statements="5" coveredstatements="5" conditionals="0" coveredconditionals="0" methods="4" coveredmethods="4"/>
      <line num="3" count="1" type="stmt"/>
      <line num="6" count="1" type="stmt"/>
      <line num="9" count="1" type="stmt"/>
      <line num="12" count="1" type="stmt"/>
      <line num="16" count="1" type="stmt"/>
    </file>
    <file name="index.js" path="/home/kiboma/WorkSpace/Microverse/Testing-practice-AAA-TDD-JEST/index.js">
      <metrics statements="5" coveredstatements="5" conditionals="0" coveredconditionals="0" methods="2" coveredmethods="2"/>
      <line num="3" count="1" type="stmt"/>
      <line num="4" count="1" type="stmt"/>
      <line num="8" count="1" type="stmt"/>
      <line num="9" count="1" type="stmt"/>
      <line num="14" count="1" type="stmt"/>
    </file>
  </project>
</coverage>
